<?xml version="1.0" encoding="UTF-8"?>
<coverage generated="1461116515167" clover="3.2.0">
	<project timestamp="1461116515167"  name="All Files" >
		<metrics statements="29"  coveredstatements="29"  conditionals="10"  coveredconditionals="10"  methods="4"  coveredmethods="4"  elements="43"  coveredelements="43"  complexity="0"  packages="1"  files="1"  classes="1"  loc="46"  ncloc="46" />
		<package name="omit-deep-2" >
			<metrics statements="29"  coveredstatements="29"  conditionals="10"  coveredconditionals="10"  methods="4"  coveredmethods="4" />
			<file name="index.js"  path="C:\dev\github\omit-deep-2\index.js" >
				<metrics statements="29"  coveredstatements="29"  conditionals="10"  coveredconditionals="10"  methods="4"  coveredmethods="4" />
				<line num="1"  count="8"  type="stmt" />
				<line num="2"  count="8"  type="stmt" />
				<line num="11"  count="8"  type="stmt" />
				<line num="12"  count="10"  type="stmt" />
				<line num="13"  count="10"  type="stmt" />
				<line num="14"  count="10"  type="stmt" />
				<line num="15"  count="10"  type="stmt" />
				<line num="17"  count="10"  type="cond"  truecount="4"  falsecount="0" />
				<line num="18"  count="4"  type="stmt" />
				<line num="19"  count="4"  type="stmt" />
				<line num="20"  count="6"  type="cond"  truecount="2"  falsecount="0" />
				<line num="21"  count="5"  type="stmt" />
				<line num="22"  count="5"  type="stmt" />
				<line num="23"  count="5"  type="stmt" />
				<line num="24"  count="20"  type="stmt" />
				<line num="25"  count="40"  type="stmt" />
				<line num="28"  count="5"  type="stmt" />
				<line num="30"  count="1"  type="stmt" />
				<line num="33"  count="9"  type="stmt" />
				<line num="34"  count="9"  type="stmt" />
				<line num="35"  count="30"  type="stmt" />
				<line num="36"  count="30"  type="cond"  truecount="2"  falsecount="0" />
				<line num="37"  count="16"  type="stmt" />
				<line num="38"  count="16"  type="stmt" />
				<line num="39"  count="14"  type="cond"  truecount="2"  falsecount="0" />
				<line num="40"  count="2"  type="stmt" />
				<line num="41"  count="2"  type="stmt" />
				<line num="45"  count="9"  type="stmt" />
				<line num="46"  count="9"  type="stmt" />
			</file>
		</package>
	</project>
</coverage>
