{
"C:\\dev\\github\\omit-deep-2\\index.js":{"path":"C:\\dev\\github\\omit-deep-2\\index.js","s":{"1":8,"2":8,"3":8,"4":10,"5":10,"6":10,"7":10,"8":10,"9":4,"10":4,"11":6,"12":5,"13":5,"14":5,"15":20,"16":40,"17":5,"18":1,"19":9,"20":9,"21":30,"22":30,"23":16,"24":16,"25":14,"26":2,"27":2,"28":9,"29":9},"b":{"1":[4,6],"2":[10,9],"3":[5,1],"4":[16,14],"5":[2,12]},"f":{"1":10,"2":20,"3":40,"4":30},"fnMap":{"1":{"name":"omitDeep","line":11,"loc":{"start":{"line":11,"column":17},"end":{"line":11,"column":54}}},"2":{"name":"(anonymous_2)","line":23,"loc":{"start":{"line":23,"column":14},"end":{"line":23,"column":28}}},"3":{"name":"(anonymous_3)","line":24,"loc":{"start":{"line":24,"column":24},"end":{"line":24,"column":36}}},"4":{"name":"(anonymous_4)","line":34,"loc":{"start":{"line":34,"column":18},"end":{"line":34,"column":37}}}},"statementMap":{"1":{"start":{"line":1,"column":0},"end":{"line":1,"column":26}},"2":{"start":{"line":2,"column":0},"end":{"line":2,"column":44}},"3":{"start":{"line":11,"column":0},"end":{"line":47,"column":2}},"4":{"start":{"line":12,"column":1},"end":{"line":12,"column":19}},"5":{"start":{"line":13,"column":1},"end":{"line":13,"column":42}},"6":{"start":{"line":14,"column":1},"end":{"line":14,"column":24}},"7":{"start":{"line":15,"column":1},"end":{"line":15,"column":57}},"8":{"start":{"line":17,"column":1},"end":{"line":31,"column":2}},"9":{"start":{"line":18,"column":2},"end":{"line":18,"column":45}},"10":{"start":{"line":19,"column":2},"end":{"line":19,"column":27}},"11":{"start":{"line":20,"column":8},"end":{"line":31,"column":2}},"12":{"start":{"line":21,"column":2},"end":{"line":21,"column":51}},"13":{"start":{"line":22,"column":2},"end":{"line":22,"column":41}},"14":{"start":{"line":23,"column":2},"end":{"line":27,"column":4}},"15":{"start":{"line":24,"column":3},"end":{"line":26,"column":6}},"16":{"start":{"line":25,"column":4},"end":{"line":25,"column":21}},"17":{"start":{"line":28,"column":2},"end":{"line":28,"column":44}},"18":{"start":{"line":30,"column":2},"end":{"line":30,"column":16}},"19":{"start":{"line":33,"column":1},"end":{"line":33,"column":15}},"20":{"start":{"line":34,"column":1},"end":{"line":43,"column":4}},"21":{"start":{"line":35,"column":2},"end":{"line":35,"column":22}},"22":{"start":{"line":36,"column":2},"end":{"line":42,"column":3}},"23":{"start":{"line":37,"column":3},"end":{"line":37,"column":44}},"24":{"start":{"line":38,"column":3},"end":{"line":38,"column":22}},"25":{"start":{"line":39,"column":9},"end":{"line":42,"column":3}},"26":{"start":{"line":40,"column":3},"end":{"line":40,"column":35}},"27":{"start":{"line":41,"column":3},"end":{"line":41,"column":42}},"28":{"start":{"line":45,"column":1},"end":{"line":45,"column":26}},"29":{"start":{"line":46,"column":1},"end":{"line":46,"column":15}}},"branchMap":{"1":{"line":17,"type":"if","locations":[{"start":{"line":17,"column":1},"end":{"line":17,"column":1}},{"start":{"line":17,"column":1},"end":{"line":17,"column":1}}]},"2":{"line":17,"type":"binary-expr","locations":[{"start":{"line":17,"column":5},"end":{"line":17,"column":21}},{"start":{"line":17,"column":25},"end":{"line":17,"column":51}}]},"3":{"line":20,"type":"if","locations":[{"start":{"line":20,"column":8},"end":{"line":20,"column":8}},{"start":{"line":20,"column":8},"end":{"line":20,"column":8}}]},"4":{"line":36,"type":"if","locations":[{"start":{"line":36,"column":2},"end":{"line":36,"column":2}},{"start":{"line":36,"column":2},"end":{"line":36,"column":2}}]},"5":{"line":39,"type":"if","locations":[{"start":{"line":39,"column":9},"end":{"line":39,"column":9}},{"start":{"line":39,"column":9},"end":{"line":39,"column":9}}]}},"l":{"1":8,"2":8,"11":8,"12":10,"13":10,"14":10,"15":10,"17":10,"18":4,"19":4,"20":6,"21":5,"22":5,"23":5,"24":20,"25":40,"28":5,"30":1,"33":9,"34":9,"35":30,"36":30,"37":16,"38":16,"39":14,"40":2,"41":2,"45":9,"46":9}}}
