TN:
SF:C:\dev\github\omit-deep-2\index.js
FN:11,omitDeep
FN:23,(anonymous_2)
FN:24,(anonymous_3)
FN:34,(anonymous_4)
FNF:4
FNH:4
FNDA:10,omitDeep
FNDA:20,(anonymous_2)
FNDA:40,(anonymous_3)
FNDA:30,(anonymous_4)
DA:1,8
DA:2,8
DA:11,8
DA:12,10
DA:13,10
DA:14,10
DA:15,10
DA:17,10
DA:18,4
DA:19,4
DA:20,6
DA:21,5
DA:22,5
DA:23,5
DA:24,20
DA:25,40
DA:28,5
DA:30,1
DA:33,9
DA:34,9
DA:35,30
DA:36,30
DA:37,16
DA:38,16
DA:39,14
DA:40,2
DA:41,2
DA:45,9
DA:46,9
LF:29
LH:29
BRDA:17,1,0,4
BRDA:17,1,1,6
BRDA:17,2,0,10
BRDA:17,2,1,9
BRDA:20,3,0,5
BRDA:20,3,1,1
BRDA:36,4,0,16
BRDA:36,4,1,14
BRDA:39,5,0,2
BRDA:39,5,1,12
BRF:10
BRH:10
end_of_record
